
Showing logs for build [32mricardf-go-demo-6-master-releas-2[0m stage [32mfrom-build-pack[0m and container [32mstep-credential-initializer-hqdxx[0m
{"level":"warn","ts":1575372644.2398136,"logger":"fallback-logger","caller":"logging/config.go:69","msg":"Fetch GitHub commit ID from kodata failed: \"ref: refs/heads/master\" is not a valid GitHub commit ID"}
{"level":"info","ts":1575372644.2402954,"logger":"fallback-logger","caller":"creds-init/main.go:40","msg":"Credentials initialized."}

Showing logs for build [32mricardf-go-demo-6-master-releas-2[0m stage [32mfrom-build-pack[0m and container [32mstep-working-dir-initializer-sxcvm[0m
{"level":"warn","ts":1575372645.5996454,"logger":"fallback-logger","caller":"logging/config.go:69","msg":"Fetch GitHub commit ID from kodata failed: open /var/run/ko/HEAD: no such file or directory"}
{"level":"info","ts":1575372645.6010163,"logger":"fallback-logger","caller":"bash/main.go:65","msg":"Successfully executed command \"mkdir -p /workspace/source\""}

Showing logs for build [32mricardf-go-demo-6-master-releas-2[0m stage [32mfrom-build-pack[0m and container [32mstep-place-tools[0m

Showing logs for build [32mricardf-go-demo-6-master-releas-2[0m stage [32mfrom-build-pack[0m and container [32mstep-git-source-ricardf-go-demo-6-master-releas-p5ldg[0m
{"level":"warn","ts":1575372652.6665764,"logger":"fallback-logger","caller":"logging/config.go:69","msg":"Fetch GitHub commit ID from kodata failed: \"ref: refs/heads/master\" is not a valid GitHub commit ID"}
{"level":"info","ts":1575372653.0298522,"logger":"fallback-logger","caller":"git/git.go:102","msg":"Successfully cloned https://github.com/*******/go-demo-6.git @ v1.0.459 in path /workspace/source"}

Showing logs for build [32mricardf-go-demo-6-master-releas-2[0m stage [32mfrom-build-pack[0m and container [32mstep-git-merge[0m
Using SHAs from PULL_REFS=master:93b37a85ab24262bd354bc4d0d6ae0afc58b963e
WARNING: no SHAs to merge, falling back to initial cloned commit

Showing logs for build [32mricardf-go-demo-6-master-releas-2[0m stage [32mfrom-build-pack[0m and container [32mstep-setup-jx-git-credentials[0m
Generated Git credentials file /workspace/xdg_config/git/credentials

Showing logs for build [32mricardf-go-demo-6-master-releas-2[0m stage [32mfrom-build-pack[0m and container [32mstep-build-make-build[0m
go: finding github.com/beorn7/perks v0.0.0-20180321164747-3a771d992973
go: finding github.com/prometheus/client_model v0.0.0-20180712105110-5c3871d89910
go: finding github.com/golang/protobuf v1.2.0
go: finding github.com/davecgh/go-spew v1.1.1
go: finding github.com/prometheus/client_golang v0.9.2
go: finding github.com/stretchr/testify v1.2.2
go: finding github.com/matttproud/golang_protobuf_extensions v1.0.1
go: finding github.com/pmezard/go-difflib v1.0.0
go: finding github.com/stretchr/objx v0.1.1
go: finding gopkg.in/mgo.v2 v2.0.0-20180705113604-9856a29383ce
go: finding github.com/prometheus/common v0.0.0-20181126121408-4724e9255275
go: finding github.com/prometheus/procfs v0.0.0-20181204211112-1dc9a6cbc91a
go: finding golang.org/x/net v0.0.0-20181201002055-351d144fa1fc
go: finding golang.org/x/sync v0.0.0-20181108010431-42b317875d0f
go: downloading github.com/prometheus/client_golang v0.9.2
go: downloading gopkg.in/mgo.v2 v2.0.0-20180705113604-9856a29383ce
go: extracting github.com/prometheus/client_golang v0.9.2
go: downloading github.com/prometheus/common v0.0.0-20181126121408-4724e9255275
go: downloading github.com/prometheus/client_model v0.0.0-20180712105110-5c3871d89910
go: downloading github.com/golang/protobuf v1.2.0
go: downloading github.com/prometheus/procfs v0.0.0-20181204211112-1dc9a6cbc91a
go: downloading github.com/beorn7/perks v0.0.0-20180321164747-3a771d992973
go: extracting github.com/beorn7/perks v0.0.0-20180321164747-3a771d992973
go: extracting github.com/prometheus/client_model v0.0.0-20180712105110-5c3871d89910
go: extracting gopkg.in/mgo.v2 v2.0.0-20180705113604-9856a29383ce
go: extracting github.com/prometheus/common v0.0.0-20181126121408-4724e9255275
go: extracting github.com/prometheus/procfs v0.0.0-20181204211112-1dc9a6cbc91a
go: downloading github.com/matttproud/golang_protobuf_extensions v1.0.1
go: extracting github.com/matttproud/golang_protobuf_extensions v1.0.1
go: extracting github.com/golang/protobuf v1.2.0
CGO_ENABLED=0 GO15VENDOREXPERIMENT=1 go build -ldflags '' -o bin/go-demo-6 main.go

Showing logs for build [32mricardf-go-demo-6-master-releas-2[0m stage [32mfrom-build-pack[0m and container [32mstep-build-container-build[0m
[36mINFO[0m[0000] No base image, nothing to extract            
[36mINFO[0m[0000] cmd: EXPOSE                                  
[36mINFO[0m[0000] Adding exposed port: 8080/tcp                
[36mINFO[0m[0000] Using files from context: [/workspace/source/bin] 
[36mINFO[0m[0000] Skipping unpacking as no commands require it. 
[36mINFO[0m[0000] Taking snapshot of full filesystem...        
[36mINFO[0m[0000] EXPOSE 8080                                  
[36mINFO[0m[0000] cmd: EXPOSE                                  
[36mINFO[0m[0000] Adding exposed port: 8080/tcp                
[36mINFO[0m[0000] No files changed in this command, skipping snapshotting. 
[36mINFO[0m[0000] ENTRYPOINT ["/go-demo-6"]                    
[36mINFO[0m[0000] No files changed in this command, skipping snapshotting. 
[36mINFO[0m[0000] Using files from context: [/workspace/source/bin] 
[36mINFO[0m[0000] COPY ./bin/ /                                
[36mINFO[0m[0000] Taking snapshot of files...                  
ERROR: logging before flag.Parse: E1203 11:31:24.362039      11 metadata.go:142] while reading 'google-dockercfg' metadata: http status code: 404 while fetching url http://metadata.google.internal./computeMetadata/v1/instance/attributes/google-dockercfg
ERROR: logging before flag.Parse: E1203 11:31:24.365684      11 metadata.go:159] while reading 'google-dockercfg-url' metadata: http status code: 404 while fetching url http://metadata.google.internal./computeMetadata/v1/instance/attributes/google-dockercfg-url
2019/12/03 11:31:24 pushed blob: sha256:8c7ad10973c18181b72fa6898da7fdfc5f0779770d3c8e54948485e1b6182a52
2019/12/03 11:31:25 pushed blob: sha256:4cc5790804313d5d65f4743ac6e5a1fc8322cd2c7cc8a0198480251d8b1247ab
2019/12/03 11:31:25 10.67.251.106:5000/*******/go-demo-6:1.0.459: digest: sha256:d70025b6f9d71aec921806a663d7425e2544cdb3cf1490fcc88d1d02bfd3914a size: 428

Showing logs for build [32mricardf-go-demo-6-master-releas-2[0m stage [32mfrom-build-pack[0m and container [32mstep-build-post-build[0m
no CVE provider running in the current *********** namespace so skip adding image to be analysed

Showing logs for build [32mricardf-go-demo-6-master-releas-2[0m stage [32mfrom-build-pack[0m and container [32mstep-promote-changelog[0m
Converted /workspace/source/charts/go-demo-6 to an unshallow repository
Generating change log from git ref e57524881aacdf7725b1723ca8833056c7b04cb5 => 32f70ec226201cf0ac3735f0ed064453382d2461
WARNING: Failed to enrich commit b0e646b79ab62bcddb5eebd7e1b7dbc9db13c2ac with issues: users.jenkins.io "x-0" already exists
WARNING: Failed to enrich commit b0e646b79ab62bcddb5eebd7e1b7dbc9db13c2ac with issues: users.jenkins.io "x-0" already exists
Finding issues in commit messages using git format
WARNING: No release found for *******/go-demo-6 and tag v1.0.459 so creating a new release
Updated the release information at https://github.com/*******/go-demo-6/releases/tag/v1.0.459
generated: /workspace/source/charts/go-demo-6/templates/release.yaml
Created Release go-demo-6-1-0-459 resource in namespace ***********
Updating PipelineActivity *******-go-demo-6-master-2 with version 1.0.459
Updated PipelineActivities *******-go-demo-6-master-2 with release notes URL: https://github.com/*******/go-demo-6/releases/tag/v1.0.459

Showing logs for build [32mricardf-go-demo-6-master-releas-2[0m stage [32mfrom-build-pack[0m and container [32mstep-promote-helm-release[0m
WARNING: No $CHART_REPOSITORY defined so using the default value of: http://jenkins-x-chartmuseum:8080
Adding missing Helm repo: storage.googleapis.com https://storage.googleapis.com/chartmuseum.jenkins-x.io
Successfully added Helm repository storage.googleapis.com.
Adding missing Helm repo: jenkins-x-chartmuseum http://jenkins-x-chartmuseum:8080
Successfully added Helm repository jenkins-x-chartmuseum.
WARNING: No $CHART_REPOSITORY defined so using the default value of: http://jenkins-x-chartmuseum:8080
WARNING: No $CHART_REPOSITORY defined so using the default value of: http://jenkins-x-chartmuseum:8080
Uploading chart file go-demo-6-1.0.459.tgz to http://jenkins-x-chartmuseum:8080/api/charts
Received 201 response: {"saved":true}

Showing logs for build [32mricardf-go-demo-6-master-releas-2[0m stage [32mfrom-build-pack[0m and container [32mstep-promote-jx-promote[0m
WARNING: prow based install so skip waiting for the merge of Pull Requests to go green as currently there is an issue with gettingstatuses from the PR, see https://github.com/jenkins-x/jx/issues/2410
WARNING: No $CHART_REPOSITORY defined so using the default value of: http://jenkins-x-chartmuseum:8080
Promoting app go-demo-6 version 1.0.459 to namespace ***********-staging
Created Pull Request: https://github.com/*******/environment-jx-rocks-staging/pull/3
got git provider status pending from PR https://github.com/*******/environment-jx-rocks-staging/pull/3
got git provider status pending from PR https://github.com/*******/environment-jx-rocks-staging/pull/3
got git provider status pending from PR https://github.com/*******/environment-jx-rocks-staging/pull/3
Pull Request https://github.com/*******/environment-jx-rocks-staging/pull/3 is merged at sha 8119d928d9dd964b688c76c924d393fcf3318e88
Pull Request merged but we are not waiting for the update pipeline to complete!
